Using pre-set license
Built from '2021.3/staging' branch; Version is '2021.3.21f1 (1b156197d683) revision 1774945'; Using compiler version '192829333'; Build Type 'Release'
OS: 'Windows 10  (10.0.19045) 64bit Professional' Language: 'es' Physical Memory: 32702 MB
BatchMode: 1, IsHumanControllingUs: 0, StartBugReporterOnCrash: 0, Is64bit: 1, IsPro: 1

COMMAND LINE ARGUMENTS:
C:\Program Files\Unity\Hub\Editor\2021.3.21f1\Editor\Unity.exe
-adb2
-batchMode
-noUpm
-name
AssetImportWorker0
-projectPath
C:/Users/jarg9/OneDrive/Documentos/GitHub/TFG-SURVIVAL/TFG SURVIVAL
-logFile
Logs/AssetImportWorker0.log
-srvPort
63034
Successfully changed project path to: C:/Users/jarg9/OneDrive/Documentos/GitHub/TFG-SURVIVAL/TFG SURVIVAL
C:/Users/jarg9/OneDrive/Documentos/GitHub/TFG-SURVIVAL/TFG SURVIVAL
[UnityMemory] Configuration Parameters - Can be set up in boot.config
    "memorysetup-bucket-allocator-granularity=16"
    "memorysetup-bucket-allocator-bucket-count=8"
    "memorysetup-bucket-allocator-block-size=33554432"
    "memorysetup-bucket-allocator-block-count=8"
    "memorysetup-main-allocator-block-size=16777216"
    "memorysetup-thread-allocator-block-size=16777216"
    "memorysetup-gfx-main-allocator-block-size=16777216"
    "memorysetup-gfx-thread-allocator-block-size=16777216"
    "memorysetup-cache-allocator-block-size=4194304"
    "memorysetup-typetree-allocator-block-size=2097152"
    "memorysetup-profiler-bucket-allocator-granularity=16"
    "memorysetup-profiler-bucket-allocator-bucket-count=8"
    "memorysetup-profiler-bucket-allocator-block-size=33554432"
    "memorysetup-profiler-bucket-allocator-block-count=8"
    "memorysetup-profiler-allocator-block-size=16777216"
    "memorysetup-profiler-editor-allocator-block-size=1048576"
    "memorysetup-temp-allocator-size-main=16777216"
    "memorysetup-job-temp-allocator-block-size=2097152"
    "memorysetup-job-temp-allocator-block-size-background=1048576"
    "memorysetup-job-temp-allocator-reduction-small-platforms=262144"
    "memorysetup-temp-allocator-size-background-worker=32768"
    "memorysetup-temp-allocator-size-job-worker=262144"
    "memorysetup-temp-allocator-size-preload-manager=33554432"
    "memorysetup-temp-allocator-size-nav-mesh-worker=65536"
    "memorysetup-temp-allocator-size-audio-worker=65536"
    "memorysetup-temp-allocator-size-cloud-worker=32768"
    "memorysetup-temp-allocator-size-gi-baking-worker=262144"
    "memorysetup-temp-allocator-size-gfx=262144"
Player connection [12256] Host "[IP] 192.168.100.253 [Port] 0 [Flags] 2 [Guid] 1267921016 [EditorId] 1267921016 [Version] 1048832 [Id] WindowsEditor(7,JoseAntonioRG) [Debug] 1 [PackageName] WindowsEditor [ProjectName] Editor" joined multi-casting on [225.0.0.222:54997]...

Player connection [12256] Host "[IP] 192.168.100.253 [Port] 0 [Flags] 2 [Guid] 1267921016 [EditorId] 1267921016 [Version] 1048832 [Id] WindowsEditor(7,JoseAntonioRG) [Debug] 1 [PackageName] WindowsEditor [ProjectName] Editor" joined alternative multi-casting on [225.0.0.222:34997]...

Refreshing native plugins compatible for Editor in 70.99 ms, found 3 plugins.
Preloading 0 native plugins for Editor in 0.00 ms.
Initialize engine version: 2021.3.21f1 (1b156197d683)
[Subsystems] Discovering subsystems at path C:/Program Files/Unity/Hub/Editor/2021.3.21f1/Editor/Data/Resources/UnitySubsystems
[Subsystems] Discovering subsystems at path C:/Users/jarg9/OneDrive/Documentos/GitHub/TFG-SURVIVAL/TFG SURVIVAL/Assets
GfxDevice: creating device client; threaded=0; jobified=0
Direct3D:
    Version:  Direct3D 11.0 [level 11.1]
    Renderer: NVIDIA GeForce GTX 1060 3GB (ID=0x1c02)
    Vendor:   NVIDIA
    VRAM:     2979 MB
    Driver:   31.0.15.3141
Initialize mono
Mono path[0] = 'C:/Program Files/Unity/Hub/Editor/2021.3.21f1/Editor/Data/Managed'
Mono path[1] = 'C:/Program Files/Unity/Hub/Editor/2021.3.21f1/Editor/Data/MonoBleedingEdge/lib/mono/unityjit-win32'
Mono config path = 'C:/Program Files/Unity/Hub/Editor/2021.3.21f1/Editor/Data/MonoBleedingEdge/etc'
Using monoOptions --debugger-agent=transport=dt_socket,embedding=1,server=y,suspend=n,address=127.0.0.1:56428
Begin MonoManager ReloadAssembly
Registering precompiled unity dll's ...
Register platform support module: C:/Program Files/Unity/Hub/Editor/2021.3.21f1/Editor/Data/PlaybackEngines/WebGLSupport/UnityEditor.WebGL.Extensions.dll
Register platform support module: C:/Program Files/Unity/Hub/Editor/2021.3.21f1/Editor/Data/PlaybackEngines/WindowsStandaloneSupport/UnityEditor.WindowsStandalone.Extensions.dll
Registered in 0.006656 seconds.
Native extension for WindowsStandalone target not found
Native extension for WebGL target not found
Refreshing native plugins compatible for Editor in 69.75 ms, found 3 plugins.
Preloading 0 native plugins for Editor in 0.00 ms.
Mono: successfully reloaded assembly
- Completed reload, in  0.557 seconds
Domain Reload Profiling:
	ReloadAssembly (557ms)
		BeginReloadAssembly (72ms)
			ExecutionOrderSort (0ms)
			DisableScriptedObjects (0ms)
			BackupInstance (0ms)
			ReleaseScriptingObjects (0ms)
			CreateAndSetChildDomain (1ms)
		EndReloadAssembly (399ms)
			LoadAssemblies (70ms)
			RebuildTransferFunctionScriptingTraits (0ms)
			SetupTypeCache (93ms)
			ReleaseScriptCaches (0ms)
			RebuildScriptCaches (27ms)
			SetupLoadedEditorAssemblies (235ms)
				LogAssemblyErrors (0ms)
				InitializePlatformSupportModulesInManaged (8ms)
				SetLoadedEditorAssemblies (0ms)
				RefreshPlugins (70ms)
				BeforeProcessingInitializeOnLoad (1ms)
				ProcessInitializeOnLoadAttributes (119ms)
				ProcessInitializeOnLoadMethodAttributes (37ms)
				AfterProcessingInitializeOnLoad (0ms)
				EditorAssembliesLoaded (0ms)
			ExecutionOrderSort2 (0ms)
			AwakeInstancesAfterBackupRestoration (0ms)
Platform modules already initialized, skipping
Registering precompiled user dll's ...
Registered in 0.004127 seconds.
Begin MonoManager ReloadAssembly
Symbol file LoadedFromMemory doesn't match image C:\Users\jarg9\OneDrive\Documentos\GitHub\TFG-SURVIVAL\TFG SURVIVAL\Library\PackageCache\com.unity.visualscripting@1.8.0\Editor\VisualScripting.Core\Dependencies\YamlDotNet\Unity.VisualScripting.YamlDotNet.dll
Symbol file LoadedFromMemory doesn't match image C:\Users\jarg9\OneDrive\Documentos\GitHub\TFG-SURVIVAL\TFG SURVIVAL\Library\PackageCache\com.unity.visualscripting@1.8.0\Editor\VisualScripting.Core\Dependencies\DotNetZip\Unity.VisualScripting.IonicZip.dll
Native extension for WindowsStandalone target not found
Native extension for WebGL target not found
Refreshing native plugins compatible for Editor in 0.44 ms, found 3 plugins.
Preloading 0 native plugins for Editor in 0.00 ms.
Mono: successfully reloaded assembly
- Completed reload, in  0.856 seconds
Domain Reload Profiling:
	ReloadAssembly (857ms)
		BeginReloadAssembly (101ms)
			ExecutionOrderSort (0ms)
			DisableScriptedObjects (5ms)
			BackupInstance (0ms)
			ReleaseScriptingObjects (0ms)
			CreateAndSetChildDomain (15ms)
		EndReloadAssembly (665ms)
			LoadAssemblies (75ms)
			RebuildTransferFunctionScriptingTraits (0ms)
			SetupTypeCache (230ms)
			ReleaseScriptCaches (1ms)
			RebuildScriptCaches (42ms)
			SetupLoadedEditorAssemblies (293ms)
				LogAssemblyErrors (0ms)
				InitializePlatformSupportModulesInManaged (6ms)
				SetLoadedEditorAssemblies (0ms)
				RefreshPlugins (0ms)
				BeforeProcessingInitializeOnLoad (73ms)
				ProcessInitializeOnLoadAttributes (190ms)
				ProcessInitializeOnLoadMethodAttributes (16ms)
				AfterProcessingInitializeOnLoad (8ms)
				EditorAssembliesLoaded (0ms)
			ExecutionOrderSort2 (0ms)
			AwakeInstancesAfterBackupRestoration (5ms)
Platform modules already initialized, skipping
========================================================================
Worker process is ready to serve import requests
Launched and connected shader compiler UnityShaderCompiler.exe after 0.03 seconds
Refreshing native plugins compatible for Editor in 0.46 ms, found 3 plugins.
Preloading 0 native plugins for Editor in 0.00 ms.
Unloading 3047 Unused Serialized files (Serialized files now loaded: 0)
Unloading 24 unused Assets / (113.4 KB). Loaded Objects now: 3507.
Memory consumption went from 107.4 MB to 107.3 MB.
Total: 2.550000 ms (FindLiveObjects: 0.272500 ms CreateObjectMapping: 0.304400 ms MarkObjects: 1.882900 ms  DeleteObjects: 0.089400 ms)

AssetImportParameters requested are different than current active one (requested -> active):
  custom:video-decoder-ogg-theora: a1e56fd34408186e4bbccfd4996cb3dc -> 
  custom:container-muxer-webm: aa71ff27fc2769a1b78a27578f13a17b -> 
  custom:container-demuxer-webm: 4f35f7cbe854078d1ac9338744f61a02 -> 
  custom:video-encoder-webm-vp8: eb34c28f22e8b96e1ab97ce403110664 -> 
  custom:audio-encoder-webm-vorbis: bf7c407c2cedff20999df2af8eb42d56 -> 
  custom:framework-win-MediaFoundation: 216162199b28c13a410421893ffa2e32 -> 
  custom:container-demuxer-ogg: 62fdf1f143b41e24485cea50d1cbac27 -> 
  custom:video-decoder-webm-vp8: 9c59270c3fd7afecdb556c50c9e8de78 -> 
  custom:audio-decoder-ogg-vorbis: bf7c407c2cedff20999df2af8eb42d56 -> 
========================================================================
Received Import Request.
  Time since last request: 25273.092282 seconds.
  path: Assets/ARSH Studios
  artifactKey: Guid(06fa5ef27b51eb7448b3d531205a3ad0) Importer(815301076,1909f56bfc062723c751e8b465ee728b)
Start importing Assets/ARSH Studios using Guid(06fa5ef27b51eb7448b3d531205a3ad0) Importer(815301076,1909f56bfc062723c751e8b465ee728b)  -> (artifact id: 'aeae867e3a687bde3d7db4495e2f1991') in 0.008696 seconds 
========================================================================
Received Import Request.
  Time since last request: 20.751957 seconds.
  path: Assets/ARSH Studios/Assets
  artifactKey: Guid(9ad337bb8d49c96429e3b21aa73c0fb1) Importer(815301076,1909f56bfc062723c751e8b465ee728b)
Start importing Assets/ARSH Studios/Assets using Guid(9ad337bb8d49c96429e3b21aa73c0fb1) Importer(815301076,1909f56bfc062723c751e8b465ee728b)  -> (artifact id: 'ea553f11a5943dc7b4a59aa428b676cd') in 0.006016 seconds 
========================================================================
Received Import Request.
  Time since last request: 1.340113 seconds.
  path: Assets/ARSH Studios/Assets/Material
  artifactKey: Guid(f212158e33c1bb241a940d10dd7dd322) Importer(815301076,1909f56bfc062723c751e8b465ee728b)
Start importing Assets/ARSH Studios/Assets/Material using Guid(f212158e33c1bb241a940d10dd7dd322) Importer(815301076,1909f56bfc062723c751e8b465ee728b)  -> (artifact id: '46e9b4e738cd3525761e45e58ab202ba') in 0.005024 seconds 
========================================================================
Received Import Request.
  Time since last request: 0.064640 seconds.
  path: Assets/ARSH Studios/Assets/Material/outUV_colour.mat
  artifactKey: Guid(6ab302d09884d084893199b137fde8b1) Importer(815301076,1909f56bfc062723c751e8b465ee728b)
Start importing Assets/ARSH Studios/Assets/Material/outUV_colour.mat using Guid(6ab302d09884d084893199b137fde8b1) Importer(815301076,1909f56bfc062723c751e8b465ee728b)  -> (artifact id: 'c88d13df5e92b3c3be58615ff4eae15b') in 0.269182 seconds 
========================================================================
Received Import Request.
  Time since last request: 21.641532 seconds.
  path: Assets/ARSH Studios/Assets/Mesh/Materials/outUV_colour(8).mat
  artifactKey: Guid(ae6610c953d5d374dbfcf8194fa2d3ed) Importer(815301076,1909f56bfc062723c751e8b465ee728b)
Start importing Assets/ARSH Studios/Assets/Mesh/Materials/outUV_colour(8).mat using Guid(ae6610c953d5d374dbfcf8194fa2d3ed) Importer(815301076,1909f56bfc062723c751e8b465ee728b)  -> (artifact id: '51918cf978c93bccfcc0b5874924018e') in 0.012123 seconds 
========================================================================
Received Import Request.
  Time since last request: 1.429074 seconds.
  path: Assets/ARSH Studios/Assets/Mesh/Low_Poly_Boat_Yard.fbx
  artifactKey: Guid(b336c09f45dc3df458ddd8065bbe4b25) Importer(815301076,1909f56bfc062723c751e8b465ee728b)
Start importing Assets/ARSH Studios/Assets/Mesh/Low_Poly_Boat_Yard.fbx using Guid(b336c09f45dc3df458ddd8065bbe4b25) Importer(815301076,1909f56bfc062723c751e8b465ee728b)  -> (artifact id: '62861bcf0143997e450d433ed171238b') in 0.444344 seconds 
========================================================================
Received Import Request.
  Time since last request: 0.198995 seconds.
  path: Assets/ARSH Studios/Assets/Prefabs/Single_objects/Boat.prefab
  artifactKey: Guid(d46fbda4f04985547b45fa324d08dd7a) Importer(815301076,1909f56bfc062723c751e8b465ee728b)
Start importing Assets/ARSH Studios/Assets/Prefabs/Single_objects/Boat.prefab using Guid(d46fbda4f04985547b45fa324d08dd7a) Importer(815301076,1909f56bfc062723c751e8b465ee728b)  -> (artifact id: 'dcebfcdcbc2bc61c3327f103c5668d18') in 0.016444 seconds 
========================================================================
Received Import Request.
  Time since last request: 0.000029 seconds.
  path: Assets/ARSH Studios/Assets/Prefabs/Single_objects/Bucket.prefab
  artifactKey: Guid(1c9e94cfdd6d4604cbea84829b5accae) Importer(815301076,1909f56bfc062723c751e8b465ee728b)
Start importing Assets/ARSH Studios/Assets/Prefabs/Single_objects/Bucket.prefab using Guid(1c9e94cfdd6d4604cbea84829b5accae) Importer(815301076,1909f56bfc062723c751e8b465ee728b)  -> (artifact id: '91af27a85cf39b21d759fbeb5fbd8942') in 0.014014 seconds 
========================================================================
Received Import Request.
  Time since last request: 0.000023 seconds.
  path: Assets/ARSH Studios/Assets/Prefabs/Single_objects/House.prefab
  artifactKey: Guid(75283cc956b8bd04fbe323baf557156a) Importer(815301076,1909f56bfc062723c751e8b465ee728b)
Start importing Assets/ARSH Studios/Assets/Prefabs/Single_objects/House.prefab using Guid(75283cc956b8bd04fbe323baf557156a) Importer(815301076,1909f56bfc062723c751e8b465ee728b)  -> (artifact id: '70cf22182017c089afc69b254484ef61') in 0.015086 seconds 
========================================================================
Received Import Request.
  Time since last request: 0.000017 seconds.
  path: Assets/ARSH Studios/Assets/Prefabs/Single_objects/Plant2.prefab
  artifactKey: Guid(28da73ed10cf6874084a954d39f75b88) Importer(815301076,1909f56bfc062723c751e8b465ee728b)
Start importing Assets/ARSH Studios/Assets/Prefabs/Single_objects/Plant2.prefab using Guid(28da73ed10cf6874084a954d39f75b88) Importer(815301076,1909f56bfc062723c751e8b465ee728b)  -> (artifact id: 'f5404af16807ca70b8ff8bc9338b7114') in 0.014235 seconds 
========================================================================
Received Import Request.
  Time since last request: 0.000015 seconds.
  path: Assets/ARSH Studios/Assets/Prefabs/Single_objects/Boat1.prefab
  artifactKey: Guid(d41801ef0febf7b4cab9648dbb09276e) Importer(815301076,1909f56bfc062723c751e8b465ee728b)
Start importing Assets/ARSH Studios/Assets/Prefabs/Single_objects/Boat1.prefab using Guid(d41801ef0febf7b4cab9648dbb09276e) Importer(815301076,1909f56bfc062723c751e8b465ee728b)  -> (artifact id: 'ef69d94fe2151a888e8c29ed40354db0') in 0.013919 seconds 
========================================================================
Received Import Request.
  Time since last request: 0.000015 seconds.
  path: Assets/ARSH Studios/Assets/Prefabs/Single_objects/Handle.prefab
  artifactKey: Guid(b817c4a5a762fa04eb4bffe141416009) Importer(815301076,1909f56bfc062723c751e8b465ee728b)
Start importing Assets/ARSH Studios/Assets/Prefabs/Single_objects/Handle.prefab using Guid(b817c4a5a762fa04eb4bffe141416009) Importer(815301076,1909f56bfc062723c751e8b465ee728b)  -> (artifact id: '67688277dc64c50c590b56ec038e3f40') in 0.013450 seconds 
========================================================================
Received Import Request.
  Time since last request: 0.000015 seconds.
  path: Assets/ARSH Studios/Assets/Prefabs/Single_objects/Bucket1.prefab
  artifactKey: Guid(9fd619153a6632e448d62abdb23fa7f3) Importer(815301076,1909f56bfc062723c751e8b465ee728b)
Start importing Assets/ARSH Studios/Assets/Prefabs/Single_objects/Bucket1.prefab using Guid(9fd619153a6632e448d62abdb23fa7f3) Importer(815301076,1909f56bfc062723c751e8b465ee728b)  -> (artifact id: '335eafa80ba6d6ec0dd63bcb66dfe104') in 0.013389 seconds 
========================================================================
Received Import Request.
  Time since last request: 0.000020 seconds.
  path: Assets/ARSH Studios/Assets/Prefabs/Single_objects/Ground.prefab
  artifactKey: Guid(ed7e753dbb4fd754dab77fc1c583b370) Importer(815301076,1909f56bfc062723c751e8b465ee728b)
Start importing Assets/ARSH Studios/Assets/Prefabs/Single_objects/Ground.prefab using Guid(ed7e753dbb4fd754dab77fc1c583b370) Importer(815301076,1909f56bfc062723c751e8b465ee728b)  -> (artifact id: '7983ecfc27fcc8e4e0f5124ec31584d2') in 0.014342 seconds 
========================================================================
Received Import Request.
  Time since last request: 0.000014 seconds.
  path: Assets/ARSH Studios/Assets/Prefabs/Single_objects/Brickes.prefab
  artifactKey: Guid(42daddfc3afc8d7428271ece435e79d5) Importer(815301076,1909f56bfc062723c751e8b465ee728b)
Start importing Assets/ARSH Studios/Assets/Prefabs/Single_objects/Brickes.prefab using Guid(42daddfc3afc8d7428271ece435e79d5) Importer(815301076,1909f56bfc062723c751e8b465ee728b)  -> (artifact id: '50ceccb22d1ea5c05c86ab48eebb0f01') in 0.013750 seconds 
========================================================================
Received Import Request.
  Time since last request: 0.000015 seconds.
  path: Assets/ARSH Studios/Assets/Prefabs/Single_objects/Trees.prefab
  artifactKey: Guid(1b045aea8eac2e64e8aa2530d576d5e0) Importer(815301076,1909f56bfc062723c751e8b465ee728b)
Start importing Assets/ARSH Studios/Assets/Prefabs/Single_objects/Trees.prefab using Guid(1b045aea8eac2e64e8aa2530d576d5e0) Importer(815301076,1909f56bfc062723c751e8b465ee728b)  -> (artifact id: '3b736913f9d4243f63291c4a42f1cdc9') in 0.016047 seconds 
========================================================================
Received Import Request.
  Time since last request: 0.000016 seconds.
  path: Assets/ARSH Studios/Assets/Prefabs/Single_objects/Wall.prefab
  artifactKey: Guid(f91101dd41ace7744a8ec0f22e3140d2) Importer(815301076,1909f56bfc062723c751e8b465ee728b)
Start importing Assets/ARSH Studios/Assets/Prefabs/Single_objects/Wall.prefab using Guid(f91101dd41ace7744a8ec0f22e3140d2) Importer(815301076,1909f56bfc062723c751e8b465ee728b)  -> (artifact id: '48de2da54b8461a6b4aa6fdbb270c34c') in 0.013213 seconds 
========================================================================
Received Import Request.
  Time since last request: 0.000019 seconds.
  path: Assets/ARSH Studios/Assets/Prefabs/Single_objects/Boat_paddle1.prefab
  artifactKey: Guid(b293a4b04f146b74d9478aa5d72e0dfd) Importer(815301076,1909f56bfc062723c751e8b465ee728b)
Start importing Assets/ARSH Studios/Assets/Prefabs/Single_objects/Boat_paddle1.prefab using Guid(b293a4b04f146b74d9478aa5d72e0dfd) Importer(815301076,1909f56bfc062723c751e8b465ee728b)  -> (artifact id: '0d22dc4123317229b6a68bd9f2f94822') in 0.012324 seconds 
========================================================================
Received Import Request.
  Time since last request: 0.000016 seconds.
  path: Assets/ARSH Studios/Assets/Prefabs/Single_objects/Woodan_Barks1.prefab
  artifactKey: Guid(92e60438719f9be4aa64d0a294743201) Importer(815301076,1909f56bfc062723c751e8b465ee728b)
Start importing Assets/ARSH Studios/Assets/Prefabs/Single_objects/Woodan_Barks1.prefab using Guid(92e60438719f9be4aa64d0a294743201) Importer(815301076,1909f56bfc062723c751e8b465ee728b)  -> (artifact id: '5e9a775e836eaab5e15a07a6c31bf79c') in 0.013476 seconds 
========================================================================
Received Import Request.
  Time since last request: 0.000016 seconds.
  path: Assets/ARSH Studios/Assets/Prefabs/Single_objects/Brickes2.prefab
  artifactKey: Guid(2c68c593f844c1d4cb608a0db7feb12d) Importer(815301076,1909f56bfc062723c751e8b465ee728b)
Start importing Assets/ARSH Studios/Assets/Prefabs/Single_objects/Brickes2.prefab using Guid(2c68c593f844c1d4cb608a0db7feb12d) Importer(815301076,1909f56bfc062723c751e8b465ee728b)  -> (artifact id: 'b8845a49585ac2123a8d3414b8d21b47') in 0.013595 seconds 
========================================================================
Received Import Request.
  Time since last request: 0.000023 seconds.
  path: Assets/ARSH Studios/Assets/Prefabs/Single_objects/Woodan_Door.prefab
  artifactKey: Guid(699e344796eb4d84e85941de5a681041) Importer(815301076,1909f56bfc062723c751e8b465ee728b)
Start importing Assets/ARSH Studios/Assets/Prefabs/Single_objects/Woodan_Door.prefab using Guid(699e344796eb4d84e85941de5a681041) Importer(815301076,1909f56bfc062723c751e8b465ee728b)  -> (artifact id: '59a2c354bf7c5b6b51a65261a2cd57fd') in 0.013651 seconds 
========================================================================
Received Import Request.
  Time since last request: 0.000021 seconds.
  path: Assets/ARSH Studios/Assets/Prefabs/Single_objects/Steps.prefab
  artifactKey: Guid(3895f2e0ac588634bbb165870e16bcb7) Importer(815301076,1909f56bfc062723c751e8b465ee728b)
Start importing Assets/ARSH Studios/Assets/Prefabs/Single_objects/Steps.prefab using Guid(3895f2e0ac588634bbb165870e16bcb7) Importer(815301076,1909f56bfc062723c751e8b465ee728b)  -> (artifact id: '8698ce675189015359c5a1a657c1fc8f') in 0.013808 seconds 
========================================================================
Received Import Request.
  Time since last request: 0.000018 seconds.
  path: Assets/ARSH Studios/Assets/Prefabs/Single_objects/Tree.prefab
  artifactKey: Guid(7596bd42e70ca2044a2963c1e008e849) Importer(815301076,1909f56bfc062723c751e8b465ee728b)
Start importing Assets/ARSH Studios/Assets/Prefabs/Single_objects/Tree.prefab using Guid(7596bd42e70ca2044a2963c1e008e849) Importer(815301076,1909f56bfc062723c751e8b465ee728b)  -> (artifact id: '687cc14900217e5c2787df8a822a285a') in 0.013574 seconds 
========================================================================
Received Import Request.
  Time since last request: 0.000016 seconds.
  path: Assets/ARSH Studios/Assets/Prefabs/Single_objects/Boat_paddle.prefab
  artifactKey: Guid(7fa9d8eb01cdfa249b9c99a66ba8d3b5) Importer(815301076,1909f56bfc062723c751e8b465ee728b)
Start importing Assets/ARSH Studios/Assets/Prefabs/Single_objects/Boat_paddle.prefab using Guid(7fa9d8eb01cdfa249b9c99a66ba8d3b5) Importer(815301076,1909f56bfc062723c751e8b465ee728b)  -> (artifact id: '676e1bf1b735474237f641e08842e8f6') in 0.012674 seconds 
========================================================================
Received Import Request.
  Time since last request: 0.000016 seconds.
  path: Assets/ARSH Studios/Assets/Prefabs/Single_objects/Boat_paddle2.prefab
  artifactKey: Guid(27f936bf3b479504eb87ddc5158f673f) Importer(815301076,1909f56bfc062723c751e8b465ee728b)
Start importing Assets/ARSH Studios/Assets/Prefabs/Single_objects/Boat_paddle2.prefab using Guid(27f936bf3b479504eb87ddc5158f673f) Importer(815301076,1909f56bfc062723c751e8b465ee728b)  -> (artifact id: 'bb6a77b3680684633657c7fad58d1dec') in 0.013420 seconds 
========================================================================
Received Import Request.
  Time since last request: 0.000015 seconds.
  path: Assets/ARSH Studios/Assets/Prefabs/Single_objects/Brickes3.prefab
  artifactKey: Guid(174d9a7bbf457e34780cb9d32c5acdf3) Importer(815301076,1909f56bfc062723c751e8b465ee728b)
Start importing Assets/ARSH Studios/Assets/Prefabs/Single_objects/Brickes3.prefab using Guid(174d9a7bbf457e34780cb9d32c5acdf3) Importer(815301076,1909f56bfc062723c751e8b465ee728b)  -> (artifact id: '4775ffbe89dc3bbcda556680157324d7') in 0.012650 seconds 
========================================================================
Received Import Request.
  Time since last request: 0.000019 seconds.
  path: Assets/ARSH Studios/Assets/Prefabs/Single_objects/Brickes1.prefab
  artifactKey: Guid(21a624da42d451c458aae80d82b82c84) Importer(815301076,1909f56bfc062723c751e8b465ee728b)
Start importing Assets/ARSH Studios/Assets/Prefabs/Single_objects/Brickes1.prefab using Guid(21a624da42d451c458aae80d82b82c84) Importer(815301076,1909f56bfc062723c751e8b465ee728b)  -> (artifact id: '46c30abd10960826831dd411337f3cae') in 0.014174 seconds 
========================================================================
Received Import Request.
  Time since last request: 0.000017 seconds.
  path: Assets/ARSH Studios/Assets/Prefabs/Single_objects/Plant.prefab
  artifactKey: Guid(beaadbc67954a934196063738cba42d5) Importer(815301076,1909f56bfc062723c751e8b465ee728b)
Start importing Assets/ARSH Studios/Assets/Prefabs/Single_objects/Plant.prefab using Guid(beaadbc67954a934196063738cba42d5) Importer(815301076,1909f56bfc062723c751e8b465ee728b)  -> (artifact id: '04e937bc7129256ed9892eb28511c17a') in 0.012675 seconds 
========================================================================
Received Import Request.
  Time since last request: 0.000019 seconds.
  path: Assets/ARSH Studios/Assets/Prefabs/Single_objects/Tree2.prefab
  artifactKey: Guid(f162b275151ccbb4da204b305b20d1e8) Importer(815301076,1909f56bfc062723c751e8b465ee728b)
Start importing Assets/ARSH Studios/Assets/Prefabs/Single_objects/Tree2.prefab using Guid(f162b275151ccbb4da204b305b20d1e8) Importer(815301076,1909f56bfc062723c751e8b465ee728b)  -> (artifact id: '73e9250dacfc8456eb790505c79daf5d') in 0.014466 seconds 
========================================================================
Received Import Request.
  Time since last request: 0.000015 seconds.
  path: Assets/ARSH Studios/Assets/Prefabs/Single_objects/Plant3.prefab
  artifactKey: Guid(647cad32dbb0b5141ae277add1a1147c) Importer(815301076,1909f56bfc062723c751e8b465ee728b)
Start importing Assets/ARSH Studios/Assets/Prefabs/Single_objects/Plant3.prefab using Guid(647cad32dbb0b5141ae277add1a1147c) Importer(815301076,1909f56bfc062723c751e8b465ee728b)  -> (artifact id: '29029c536e005832818fb3b3b3a6ab42') in 0.012888 seconds 
========================================================================
Received Import Request.
  Time since last request: 0.000014 seconds.
  path: Assets/ARSH Studios/Assets/Prefabs/Single_objects/Handle2.prefab
  artifactKey: Guid(0b479ce6d3e899b42a948cdd29b08fc1) Importer(815301076,1909f56bfc062723c751e8b465ee728b)
Start importing Assets/ARSH Studios/Assets/Prefabs/Single_objects/Handle2.prefab using Guid(0b479ce6d3e899b42a948cdd29b08fc1) Importer(815301076,1909f56bfc062723c751e8b465ee728b)  -> (artifact id: '47d704ed87d55a3da44a3d68f7809dad') in 0.014171 seconds 
========================================================================
Received Import Request.
  Time since last request: 0.000019 seconds.
  path: Assets/ARSH Studios/Assets/Prefabs/Single_objects/Steps_Greel 1.prefab
  artifactKey: Guid(d668a46dbe75bfc4d9efc2f34abe669b) Importer(815301076,1909f56bfc062723c751e8b465ee728b)
Start importing Assets/ARSH Studios/Assets/Prefabs/Single_objects/Steps_Greel 1.prefab using Guid(d668a46dbe75bfc4d9efc2f34abe669b) Importer(815301076,1909f56bfc062723c751e8b465ee728b)  -> (artifact id: '4c2b5119483586b3ba91fdef0e53a463') in 0.012019 seconds 
========================================================================
Received Import Request.
  Time since last request: 0.000017 seconds.
  path: Assets/ARSH Studios/Assets/Prefabs/All_in_one/Low_Poly_Boat_Yard.prefab
  artifactKey: Guid(99a8c38a09f90224f8ccea4c2b9ead27) Importer(815301076,1909f56bfc062723c751e8b465ee728b)
Start importing Assets/ARSH Studios/Assets/Prefabs/All_in_one/Low_Poly_Boat_Yard.prefab using Guid(99a8c38a09f90224f8ccea4c2b9ead27) Importer(815301076,1909f56bfc062723c751e8b465ee728b)  -> (artifact id: '81830d0b056e8b8bc15bd41b921b8bf3') in 0.020674 seconds 
========================================================================
Received Import Request.
  Time since last request: 0.000019 seconds.
  path: Assets/ARSH Studios/Assets/Prefabs/Single_objects/Woodan_Barks.prefab
  artifactKey: Guid(2785049bf1c90234dba82ae6a08d94d2) Importer(815301076,1909f56bfc062723c751e8b465ee728b)
Start importing Assets/ARSH Studios/Assets/Prefabs/Single_objects/Woodan_Barks.prefab using Guid(2785049bf1c90234dba82ae6a08d94d2) Importer(815301076,1909f56bfc062723c751e8b465ee728b)  -> (artifact id: '495cfef89c4f77f76172e12030810e11') in 0.013842 seconds 
========================================================================
Received Import Request.
  Time since last request: 0.000022 seconds.
  path: Assets/ARSH Studios/Assets/Prefabs/Single_objects/Handle1.prefab
  artifactKey: Guid(b527109e92da47545b30b1b894e319c1) Importer(815301076,1909f56bfc062723c751e8b465ee728b)
Start importing Assets/ARSH Studios/Assets/Prefabs/Single_objects/Handle1.prefab using Guid(b527109e92da47545b30b1b894e319c1) Importer(815301076,1909f56bfc062723c751e8b465ee728b)  -> (artifact id: '330f7b34fedcb8f456a4cf0cd060f620') in 0.012210 seconds 
========================================================================
Received Import Request.
  Time since last request: 0.000016 seconds.
  path: Assets/ARSH Studios/Assets/Prefabs/Single_objects/Yard.prefab
  artifactKey: Guid(93a098cd0b1bf9f4d9fdd0930309dd68) Importer(815301076,1909f56bfc062723c751e8b465ee728b)
Start importing Assets/ARSH Studios/Assets/Prefabs/Single_objects/Yard.prefab using Guid(93a098cd0b1bf9f4d9fdd0930309dd68) Importer(815301076,1909f56bfc062723c751e8b465ee728b)  -> (artifact id: 'a711e61fcae42a752fdc7231e1c574bc') in 0.013405 seconds 
========================================================================
Received Import Request.
  Time since last request: 0.000018 seconds.
  path: Assets/ARSH Studios/Assets/Prefabs/Single_objects/Woodan_Door1.prefab
  artifactKey: Guid(de1686c8d1dfb5947a3cda205596e279) Importer(815301076,1909f56bfc062723c751e8b465ee728b)
Start importing Assets/ARSH Studios/Assets/Prefabs/Single_objects/Woodan_Door1.prefab using Guid(de1686c8d1dfb5947a3cda205596e279) Importer(815301076,1909f56bfc062723c751e8b465ee728b)  -> (artifact id: '3740c80716e739fc13cb280aebd60a99') in 0.013075 seconds 
